<?xml version="1.0" encoding="UTF-8"?>
<!-- Generated by org.testng.reporters.JUnitXMLReporter -->
<testsuite hostname="INDIA-Srinivas" name="Soap Endpoint 2 - TestCase 2" tests="5" failures="0" timestamp="29 Jan 2016 04:14:43 GMT" time="2.458" errors="0">
  <testcase name="testMethod" time="0.47" classname="com.perficient.test.TestDriver"/>
  <testcase name="testMethod" time="0.5" classname="com.perficient.test.TestDriver"/>
  <testcase name="testMethod" time="0.462" classname="com.perficient.test.TestDriver"/>
  <testcase name="testMethod" time="0.485" classname="com.perficient.test.TestDriver"/>
  <testcase name="testMethod" time="0.479" classname="com.perficient.test.TestDriver"/>
</testsuite> <!-- Soap Endpoint 2 - TestCase 2 -->
