<?xml version="1.0" encoding="UTF-8"?>
<!-- Generated by org.testng.reporters.JUnitXMLReporter -->
<testsuite hostname="INDIA-Srinivas" name="Soap Endpoint 1 - TestCase 1" tests="5" failures="0" timestamp="29 Jan 2016 04:14:41 GMT" time="3.735" errors="0">
  <testcase name="testMethod" time="1.529" classname="com.perficient.test.TestDriver"/>
  <testcase name="testMethod" time="0.503" classname="com.perficient.test.TestDriver"/>
  <testcase name="testMethod" time="0.469" classname="com.perficient.test.TestDriver"/>
  <testcase name="testMethod" time="0.479" classname="com.perficient.test.TestDriver"/>
  <testcase name="testMethod" time="0.471" classname="com.perficient.test.TestDriver"/>
</testsuite> <!-- Soap Endpoint 1 - TestCase 1 -->
